0 info it worked if it ends with ok
1 verbose cli [ 'node', '/usr/local/bin/npm', 'publish' ]
2 info using npm@1.4.28
3 info using node@v0.10.32
4 verbose publish [ '.' ]
5 verbose cache add [ '.', null ]
6 verbose cache add name=undefined spec="." args=[".",null]
7 verbose parsed url { protocol: null,
7 verbose parsed url   slashes: null,
7 verbose parsed url   auth: null,
7 verbose parsed url   host: null,
7 verbose parsed url   port: null,
7 verbose parsed url   hostname: null,
7 verbose parsed url   hash: null,
7 verbose parsed url   search: null,
7 verbose parsed url   query: null,
7 verbose parsed url   pathname: '.',
7 verbose parsed url   path: '.',
7 verbose parsed url   href: '.' }
8 silly lockFile 3a52ce78- .
9 verbose lock . /Users/andrewliebchen/.npm/3a52ce78-.lock
10 verbose tar pack [ '/Users/andrewliebchen/.npm/BTSTRP/0.0.1/package.tgz', '.' ]
11 verbose tarball /Users/andrewliebchen/.npm/BTSTRP/0.0.1/package.tgz
12 verbose folder .
13 info prepublish BTSTRP@0.0.1
14 silly lockFile 1f1177db-tar tar://.
15 verbose lock tar://. /Users/andrewliebchen/.npm/1f1177db-tar.lock
16 silly lockFile 637f4ac1-hen-npm-BTSTRP-0-0-1-package-tgz tar:///Users/andrewliebchen/.npm/BTSTRP/0.0.1/package.tgz
17 verbose lock tar:///Users/andrewliebchen/.npm/BTSTRP/0.0.1/package.tgz /Users/andrewliebchen/.npm/637f4ac1-hen-npm-BTSTRP-0-0-1-package-tgz.lock
18 silly lockFile 1f1177db-tar tar://.
19 silly lockFile 1f1177db-tar tar://.
20 silly lockFile 637f4ac1-hen-npm-BTSTRP-0-0-1-package-tgz tar:///Users/andrewliebchen/.npm/BTSTRP/0.0.1/package.tgz
21 silly lockFile 637f4ac1-hen-npm-BTSTRP-0-0-1-package-tgz tar:///Users/andrewliebchen/.npm/BTSTRP/0.0.1/package.tgz
22 silly lockFile 8cf3aeff-iebchen-npm-BTSTRP-0-0-1-package /Users/andrewliebchen/.npm/BTSTRP/0.0.1/package
23 verbose lock /Users/andrewliebchen/.npm/BTSTRP/0.0.1/package /Users/andrewliebchen/.npm/8cf3aeff-iebchen-npm-BTSTRP-0-0-1-package.lock
24 silly lockFile 8cf3aeff-iebchen-npm-BTSTRP-0-0-1-package /Users/andrewliebchen/.npm/BTSTRP/0.0.1/package
25 silly lockFile 8cf3aeff-iebchen-npm-BTSTRP-0-0-1-package /Users/andrewliebchen/.npm/BTSTRP/0.0.1/package
26 silly lockFile 3a52ce78- .
27 silly lockFile 3a52ce78- .
28 silly publish { name: 'BTSTRP',
28 silly publish   version: '0.0.1',
28 silly publish   description: 'BTSTRP is the smallest UI framework. Literally.',
28 silly publish   repository: { type: 'git', url: 'git://github.com/andrewliebchen/BTSTRP' },
28 silly publish   keywords: [ 'bootstrap', 'sass', 'css', 'btstrp', 'grunt' ],
28 silly publish   contributors: [ { name: 'Andrew Liebchen' } ],
28 silly publish   license: 'MIT',
28 silly publish   bugs: { url: 'https://github.com/andrewliebchen/BTSTRP/issues' },
28 silly publish   devDependencies:
28 silly publish    { 'apache-server-configs': '^2.7.1',
28 silly publish      grunt: '^0.4.5',
28 silly publish      'grunt-cli': '~0.1.13',
28 silly publish      'grunt-concurrent': '^0.5.0',
28 silly publish      'grunt-contrib-clean': '^0.6.0',
28 silly publish      'grunt-contrib-connect': '^0.8.0',
28 silly publish      'grunt-contrib-copy': '^0.5.0',
28 silly publish      'grunt-contrib-cssmin': '^0.10.0',
28 silly publish      'grunt-contrib-sass': '^0.8.1',
28 silly publish      'grunt-contrib-uglify': '^0.5.1',
28 silly publish      'grunt-contrib-watch': '^0.6.1',
28 silly publish      'grunt-kss': '~0.2.1',
28 silly publish      'grunt-scss-lint': '~0.3.2',
28 silly publish      kss: '1.2.0',
28 silly publish      'load-grunt-tasks': '^0.4.0' },
28 silly publish   engines: { node: '>=0.10.0' },
28 silly publish   readme: '# What is BTSTRP?\n\nBTSTRP is the smallest UI framework out there...Literally the smallest. BTSTRP has all the same basic components as [Bootstrap](http://getbootstrap.com/), but they\'re just tiny. Best of all, it uses the same markup structure as Bootstrap.\n\n## Getting started\n\nDownload or clone this repo. If your project uses Sass, you can import `btstrp.scss` into your project or just include `btstrp.css` in your site\'s `<head>`. If you\'re using vanilla CSS, just include `btstrp.css` in your site\'s `<head>`.\n\nYou can also install BTSTRP in your project with npm or Bower. Instructions.\n\n### Working on BTSTRP locally\n\nIf you want to contribute to BTSTRP, or just work on it for yourself, you should fork and clone this repo. From your local BTSTRP directory run:\n\n```\n$ npm install\n```\n\nGrunt is set up to compile the SCSS into CSS, watch for changes, and spin up a development server.\n\n```\n$ grunt\n```\n\n## Using BTSTRP in your project\n\nMost Bootstrap features and components are available in BTSTRP. A few features are excluded because they\'re not necessary at BTSTRP\'s small scale. For example, there is only one button size, and no responsive elements. For reference, you should refer to the excellent [Bootstrap documentation](http://getbootstrap.com/css/).\n\nHere\'s a list of **excluded** elements:\n* **Grid system** Media queries\n* **Code** Inline code, user input, blocks of code, variables, and sample output\n* **Tables** Responsive tables\n* **Forms** Control sizing\n* **Buttons** Sizes and link button\n* **Images** Responsive images\n* **Helper classes** Screen reader content, and image replacement\n* **Responsive utilities** Classes, print classes, and test cases\n* **Glyphicons**\n* **Button groups** Sizing and vertical variation\n* **Button dropdowns** Sizing\n* **Input groups** Sizing\n* **Navbar** Responsive elements\n* **Alerts** Dismissible alerts\n* **Responsive embed**\n* **Carousels**\n\n### The BTSTRP container\n\nWrap your BTSTRP thumbnails in the `.btstrp-container` element like so:\n\n```\n<div class="btstrp-container">\n  <!-- thumnbail markup -->\n</div>\n```\n\nIf you\'d like your container to have browser style, add `.btstrp-browser`.\n\n```\n<div class="btstrp-container btstrp-browser">\n  <!-- thumbnail markup -->\n</div>\n```\n\n### Font\n\nTypography in BTSTRP thumbnails is brought to you by the excellent [BLOKK font](http://blokkfont.com/).\n\n## Why is this useful?\n\nBTSTRP is intended for creating series thumbnails of UIs and user flows for websites and applications. You can create a series of zoomed-out, "20,000 foot" interactive view of your site, which at a glance tell a whole story, like the page from a comic book.\n\n',
28 silly publish   readmeFilename: 'README.md',
28 silly publish   gitHead: 'b37e5d6ac8da3794c38e459ae10957fe56f7d85b',
28 silly publish   homepage: 'https://github.com/andrewliebchen/BTSTRP',
28 silly publish   _id: 'BTSTRP@0.0.1',
28 silly publish   scripts: {},
28 silly publish   _shasum: 'bf913096b607eea2f9234eb3563a86189cdcce0d',
28 silly publish   _from: '.' }
29 verbose request where is /BTSTRP
30 verbose request registry https://registry.npmjs.org/
31 verbose request id 6607fc56d5a10e49
32 verbose url raw /BTSTRP
33 verbose url resolving [ 'https://registry.npmjs.org/', './BTSTRP' ]
34 verbose url resolved https://registry.npmjs.org/BTSTRP
35 verbose request where is https://registry.npmjs.org/BTSTRP
36 info trying registry request attempt 1 at 21:08:53
37 http PUT https://registry.npmjs.org/BTSTRP
38 http 403 https://registry.npmjs.org/BTSTRP
39 verbose headers { date: 'Sat, 01 Nov 2014 04:08:54 GMT',
39 verbose headers   server: 'CouchDB/1.5.0 (Erlang OTP/R16B03)',
39 verbose headers   'content-type': 'application/json',
39 verbose headers   'cache-control': 'max-age=60',
39 verbose headers   'content-length': '76',
39 verbose headers   'accept-ranges': 'bytes',
39 verbose headers   via: '1.1 varnish',
39 verbose headers   'x-served-by': 'cache-sjc3132-SJC',
39 verbose headers   'x-cache': 'MISS',
39 verbose headers   'x-cache-hits': '0',
39 verbose headers   'x-timer': 'S1414814934.051461,VS0,VE805',
39 verbose headers   'keep-alive': 'timeout=10, max=50',
39 verbose headers   connection: 'Keep-Alive' }
40 error publish Failed PUT 403
41 error Error: forbidden New packages must have all-lowercase names: BTSTRP
41 error     at RegClient.<anonymous> (/usr/local/lib/node_modules/npm/node_modules/npm-registry-client/lib/request.js:308:14)
41 error     at Request._callback (/usr/local/lib/node_modules/npm/node_modules/npm-registry-client/lib/request.js:246:65)
41 error     at Request.self.callback (/usr/local/lib/node_modules/npm/node_modules/request/request.js:236:22)
41 error     at Request.emit (events.js:98:17)
41 error     at Request.<anonymous> (/usr/local/lib/node_modules/npm/node_modules/request/request.js:1142:14)
41 error     at Request.emit (events.js:117:20)
41 error     at IncomingMessage.<anonymous> (/usr/local/lib/node_modules/npm/node_modules/request/request.js:1096:12)
41 error     at IncomingMessage.emit (events.js:117:20)
41 error     at _stream_readable.js:943:16
41 error     at process._tickCallback (node.js:419:13)
42 error If you need help, you may report this *entire* log,
42 error including the npm and node versions, at:
42 error     <http://github.com/npm/npm/issues>
43 error System Darwin 14.0.0
44 error command "node" "/usr/local/bin/npm" "publish"
45 error cwd /Users/andrewliebchen/Sites/BTSTRP
46 error node -v v0.10.32
47 error npm -v 1.4.28
48 verbose exit [ 1, true ]
